<?xml version="1.0" encoding="UTF-8"?>
<testng-results ignored="0" total="2" passed="2" failed="0" skipped="0">
  <reporter-output>
  </reporter-output>
  <suite started-at="2024-02-24T10:21:41 CST" name="Default suite" finished-at="2024-02-24T10:21:54 CST" duration-ms="13229">
    <groups>
    </groups>
    <test started-at="2024-02-24T10:21:41 CST" name="Default test" finished-at="2024-02-24T10:21:54 CST" duration-ms="13229">
      <class name="com.qa.pages.TestloginPage">
        <test-method signature="gettile()[pri:0, instance:com.qa.pages.TestloginPage@7d4f9aae]" started-at="2024-02-24T10:21:41 CST" name="gettile" finished-at="2024-02-24T10:21:46 CST" duration-ms="5898" status="PASS">
          <reporter-output>
          </reporter-output>
        </test-method> <!-- gettile -->
        <test-method signature="sendloginElements()[pri:0, instance:com.qa.pages.TestloginPage@7d4f9aae]" started-at="2024-02-24T10:21:46 CST" name="sendloginElements" finished-at="2024-02-24T10:21:54 CST" duration-ms="7276" status="PASS">
          <reporter-output>
          </reporter-output>
        </test-method> <!-- sendloginElements -->
      </class> <!-- com.qa.pages.TestloginPage -->
    </test> <!-- Default test -->
  </suite> <!-- Default suite -->
</testng-results>
